<?xml version="1.0" encoding="UTF-8"?>
<testsuite xmlns:xsi="http://www.w3.org/2001/XMLSchema-instance" xsi:noNamespaceSchemaLocation="https://maven.apache.org/surefire/maven-surefire-plugin/xsd/surefire-test-report.xsd" name="com.jaho.cucumber.course.runner.CucumberRunnerTests" time="6.633" tests="4" errors="0" skipped="0" failures="0">
  <properties>
[...]
</properties>
  <testcase name="Testing GET to endpoint" classname="Feature example" time="4.807"/>
  <testcase name="Validate the number of entries in the response." classname="Feature example" time="0.432"/>
  <testcase name="Validate an element in the response" classname="Feature example" time="0.644"/>
  <testcase name="Validate a JSON element in the response" classname="Feature example" time="0.333"/>
</testsuite>